<?xml version="1.0" encoding="UTF-8"?>
<coverage generated="1712537248978" clover="3.2.0">
  <project timestamp="1712537248978" name="All files">
    <metrics statements="53" coveredstatements="37" conditionals="20" coveredconditionals="12" methods="8" coveredmethods="3" elements="81" coveredelements="52" complexity="0" loc="53" ncloc="53" packages="2" files="4" classes="4"/>
    <package name="services">
      <metrics statements="43" coveredstatements="28" conditionals="18" coveredconditionals="11" methods="7" coveredmethods="2"/>
      <file name="cardValidationService.ts" path="/home/benji/Escritorio/csti-culqui-pruebatec/src/services/cardValidationService.ts">
        <metrics statements="16" coveredstatements="12" conditionals="11" coveredconditionals="7" methods="1" coveredmethods="1"/>
        <line num="1" count="1" type="stmt"/>
        <line num="3" count="1" type="stmt"/>
        <line num="5" count="1" type="stmt"/>
        <line num="12" count="3" type="stmt"/>
        <line num="14" count="3" type="cond" truecount="1" falsecount="0"/>
        <line num="15" count="2" type="stmt"/>
        <line num="18" count="1" type="cond" truecount="2" falsecount="1"/>
        <line num="19" count="0" type="stmt"/>
        <line num="22" count="1" type="cond" truecount="2" falsecount="1"/>
        <line num="23" count="0" type="stmt"/>
        <line num="26" count="1" type="stmt"/>
        <line num="27" count="1" type="cond" truecount="2" falsecount="1"/>
        <line num="28" count="0" type="stmt"/>
        <line num="31" count="1" type="cond" truecount="0" falsecount="1"/>
        <line num="32" count="0" type="stmt"/>
        <line num="35" count="1" type="stmt"/>
      </file>
      <file name="tokenBearerValidationService.ts" path="/home/benji/Escritorio/csti-culqui-pruebatec/src/services/tokenBearerValidationService.ts">
        <metrics statements="7" coveredstatements="6" conditionals="2" coveredconditionals="1" methods="1" coveredmethods="1"/>
        <line num="1" count="1" type="stmt"/>
        <line num="3" count="1" type="stmt"/>
        <line num="5" count="3" type="cond" truecount="0" falsecount="1"/>
        <line num="6" count="0" type="stmt"/>
        <line num="9" count="3" type="cond" truecount="1" falsecount="0"/>
        <line num="10" count="1" type="stmt"/>
        <line num="13" count="2" type="stmt"/>
      </file>
      <file name="tokenService.ts" path="/home/benji/Escritorio/csti-culqui-pruebatec/src/services/tokenService.ts">
        <metrics statements="20" coveredstatements="10" conditionals="5" coveredconditionals="3" methods="5" coveredmethods="0"/>
        <line num="1" count="1" type="stmt"/>
        <line num="2" count="1" type="stmt"/>
        <line num="3" count="1" type="stmt"/>
        <line num="4" count="1" type="stmt"/>
        <line num="6" count="1" type="stmt"/>
        <line num="9" count="1" type="stmt"/>
        <line num="10" count="1" type="stmt"/>
        <line num="12" count="1" type="cond" truecount="3" falsecount="1"/>
        <line num="14" count="1" type="stmt"/>
        <line num="15" count="0" type="stmt"/>
        <line num="16" count="0" type="stmt"/>
        <line num="18" count="0" type="stmt"/>
        <line num="20" count="0" type="stmt"/>
        <line num="23" count="1" type="stmt"/>
        <line num="24" count="0" type="stmt"/>
        <line num="25" count="0" type="stmt"/>
        <line num="26" count="0" type="stmt"/>
        <line num="28" count="0" type="cond" truecount="0" falsecount="1"/>
        <line num="30" count="0" type="stmt"/>
        <line num="33" count="0" type="stmt"/>
      </file>
    </package>
    <package name="utils">
      <metrics statements="10" coveredstatements="9" conditionals="2" coveredconditionals="1" methods="1" coveredmethods="1"/>
      <file name=" luhnAlgorithm.ts" path="/home/benji/Escritorio/csti-culqui-pruebatec/src/utils/ luhnAlgorithm.ts">
        <metrics statements="10" coveredstatements="9" conditionals="2" coveredconditionals="1" methods="1" coveredmethods="1"/>
        <line num="1" count="1" type="stmt"/>
        <line num="2" count="3" type="stmt"/>
        <line num="3" count="3" type="stmt"/>
        <line num="4" count="48" type="stmt"/>
        <line num="5" count="48" type="cond" truecount="1" falsecount="0"/>
        <line num="6" count="25" type="stmt"/>
        <line num="7" count="25" type="cond" truecount="0" falsecount="1"/>
        <line num="8" count="0" type="stmt"/>
        <line num="11" count="48" type="stmt"/>
        <line num="13" count="3" type="stmt"/>
      </file>
    </package>
  </project>
</coverage>
