<?xml version="1.0" encoding="UTF-8"?>
<coverage generated="1712536176127" clover="3.2.0">
  <project timestamp="1712536176127" name="All files">
    <metrics statements="33" coveredstatements="27" conditionals="15" coveredconditionals="9" methods="3" coveredmethods="3" elements="51" coveredelements="39" complexity="0" loc="33" ncloc="33" packages="2" files="3" classes="3"/>
    <package name="services">
      <metrics statements="23" coveredstatements="18" conditionals="13" coveredconditionals="8" methods="2" coveredmethods="2"/>
      <file name="cardValidationService.ts" path="/home/benji/Escritorio/csti-culqui-pruebatec/src/services/cardValidationService.ts">
        <metrics statements="16" coveredstatements="12" conditionals="11" coveredconditionals="7" methods="1" coveredmethods="1"/>
        <line num="1" count="1" type="stmt"/>
        <line num="3" count="1" type="stmt"/>
        <line num="5" count="1" type="stmt"/>
        <line num="12" count="3" type="stmt"/>
        <line num="14" count="3" type="cond" truecount="1" falsecount="0"/>
        <line num="15" count="2" type="stmt"/>
        <line num="18" count="1" type="cond" truecount="2" falsecount="1"/>
        <line num="19" count="0" type="stmt"/>
        <line num="22" count="1" type="cond" truecount="2" falsecount="1"/>
        <line num="23" count="0" type="stmt"/>
        <line num="26" count="1" type="stmt"/>
        <line num="27" count="1" type="cond" truecount="2" falsecount="1"/>
        <line num="28" count="0" type="stmt"/>
        <line num="31" count="1" type="cond" truecount="0" falsecount="1"/>
        <line num="32" count="0" type="stmt"/>
        <line num="35" count="1" type="stmt"/>
      </file>
      <file name="tokenBearerValidationService.ts" path="/home/benji/Escritorio/csti-culqui-pruebatec/src/services/tokenBearerValidationService.ts">
        <metrics statements="7" coveredstatements="6" conditionals="2" coveredconditionals="1" methods="1" coveredmethods="1"/>
        <line num="1" count="1" type="stmt"/>
        <line num="3" count="1" type="stmt"/>
        <line num="5" count="3" type="cond" truecount="0" falsecount="1"/>
        <line num="6" count="0" type="stmt"/>
        <line num="9" count="3" type="cond" truecount="1" falsecount="0"/>
        <line num="10" count="1" type="stmt"/>
        <line num="13" count="2" type="stmt"/>
      </file>
    </package>
    <package name="utils">
      <metrics statements="10" coveredstatements="9" conditionals="2" coveredconditionals="1" methods="1" coveredmethods="1"/>
      <file name=" luhnAlgorithm.ts" path="/home/benji/Escritorio/csti-culqui-pruebatec/src/utils/ luhnAlgorithm.ts">
        <metrics statements="10" coveredstatements="9" conditionals="2" coveredconditionals="1" methods="1" coveredmethods="1"/>
        <line num="1" count="1" type="stmt"/>
        <line num="2" count="3" type="stmt"/>
        <line num="3" count="3" type="stmt"/>
        <line num="4" count="48" type="stmt"/>
        <line num="5" count="48" type="cond" truecount="1" falsecount="0"/>
        <line num="6" count="25" type="stmt"/>
        <line num="7" count="25" type="cond" truecount="0" falsecount="1"/>
        <line num="8" count="0" type="stmt"/>
        <line num="11" count="48" type="stmt"/>
        <line num="13" count="3" type="stmt"/>
      </file>
    </package>
  </project>
</coverage>
