TN:
SF:src/services/cardValidationService.ts
FN:5,(anonymous_0)
FNF:1
FNH:1
FNDA:3,(anonymous_0)
DA:1,1
DA:3,1
DA:5,1
DA:12,3
DA:14,3
DA:15,2
DA:18,1
DA:19,0
DA:22,1
DA:23,0
DA:26,1
DA:27,1
DA:28,0
DA:31,1
DA:32,0
DA:35,1
LF:16
LH:12
BRDA:14,0,0,2
BRDA:18,1,0,0
BRDA:18,2,0,1
BRDA:18,2,1,1
BRDA:22,3,0,0
BRDA:22,4,0,1
BRDA:22,4,1,1
BRDA:27,5,0,0
BRDA:27,6,0,1
BRDA:27,6,1,1
BRDA:31,7,0,0
BRF:11
BRH:7
end_of_record
TN:
SF:src/services/tokenBearerValidationService.ts
FN:3,(anonymous_0)
FNF:1
FNH:1
FNDA:3,(anonymous_0)
DA:1,1
DA:3,1
DA:5,3
DA:6,0
DA:9,3
DA:10,1
DA:13,2
LF:7
LH:6
BRDA:5,0,0,0
BRDA:9,1,0,1
BRF:2
BRH:1
end_of_record
TN:
SF:src/services/tokenService.ts
FN:10,(anonymous_15)
FN:14,(anonymous_16)
FN:14,(anonymous_17)
FN:23,(anonymous_18)
FN:23,(anonymous_19)
FNF:5
FNH:0
FNDA:0,(anonymous_15)
FNDA:0,(anonymous_16)
FNDA:0,(anonymous_17)
FNDA:0,(anonymous_18)
FNDA:0,(anonymous_19)
DA:1,1
DA:2,1
DA:3,1
DA:4,1
DA:6,1
DA:9,1
DA:10,1
DA:12,1
DA:14,1
DA:15,0
DA:16,0
DA:18,0
DA:20,0
DA:23,1
DA:24,0
DA:25,0
DA:26,0
DA:28,0
DA:30,0
DA:33,0
LF:20
LH:10
BRDA:12,0,0,1
BRDA:12,0,1,0
BRDA:12,1,0,1
BRDA:12,1,1,1
BRDA:28,2,0,0
BRF:5
BRH:3
end_of_record
TN:
SF:src/utils/ luhnAlgorithm.ts
FN:1,(anonymous_0)
FNF:1
FNH:1
FNDA:3,(anonymous_0)
DA:1,1
DA:2,3
DA:3,3
DA:4,48
DA:5,48
DA:6,25
DA:7,25
DA:8,0
DA:11,48
DA:13,3
LF:10
LH:9
BRDA:5,0,0,25
BRDA:7,1,0,0
BRF:2
BRH:1
end_of_record
